<?xml version="1.0" encoding="UTF-8"?>
<testng-results ignored="0" total="1" passed="1" failed="0" skipped="0">
  <reporter-output>
  </reporter-output>
  <suite started-at="2026-04-16T17:10:02 IST" name="Default suite" finished-at="2026-04-16T17:11:01 IST" duration-ms="59089">
    <groups>
    </groups>
    <test started-at="2026-04-16T17:10:02 IST" name="Default test" finished-at="2026-04-16T17:11:01 IST" duration-ms="59089">
      <class name="tests.AccountTest">
        <test-method is-config="true" signature="setUp()[pri:0, instance:tests.AccountTest@702657cc]" started-at="2026-04-16T17:10:02 IST" name="setUp" finished-at="2026-04-16T17:10:18 IST" duration-ms="16014" status="PASS">
          <reporter-output>
          </reporter-output>
        </test-method> <!-- setUp -->
        <test-method signature="accountManagementFlow()[pri:0, instance:tests.AccountTest@702657cc]" started-at="2026-04-16T17:10:18 IST" name="accountManagementFlow" finished-at="2026-04-16T17:11:01 IST" duration-ms="42771" status="PASS">
          <reporter-output>
          </reporter-output>
        </test-method> <!-- accountManagementFlow -->
        <test-method is-config="true" signature="tearDown()[pri:0, instance:tests.AccountTest@702657cc]" started-at="2026-04-16T17:11:01 IST" name="tearDown" finished-at="2026-04-16T17:11:01 IST" duration-ms="267" status="PASS">
          <reporter-output>
          </reporter-output>
        </test-method> <!-- tearDown -->
      </class> <!-- tests.AccountTest -->
    </test> <!-- Default test -->
  </suite> <!-- Default suite -->
</testng-results>
